Game started.Game started
Game started
Game started
Game started
_id = 12345
Add new player. Session_id = 1, user_id = 1
Not normal form of word. session_id = 1, word = ад, user_id = 12345
Word doesn't exist. session_id = 1, word = адок, user_id = 12345
Game started. session_id = 1
Add new player. Session_id = 1, user_id = 12345
Add new player. Session_id = 1, user_id = 1
Game started. session_id = 1
Add new player. Session_id = 1, user_id = 12345
Add new player. Session_id = 1, user_id = 1
Word doesn't exist. session_id = 1, word = донат, user_id = 12345
Game started. session_id = 1
Add new player. Session_id = 1, user_id = 12345
Add new player. Session_id = 1, user_id = 1
Game started. session_id = 1
Add new player. Session_id = 1, user_id = 12345
Add new player. Session_id = 1, user_id = 1
